<?xml version="1.0" encoding="UTF-8"?>
<!-- Generated by org.testng.reporters.JUnitReportReporter -->
<testsuite skipped="0" hostname="DESKTOP-NN2QM6I" name="org.vmware.tester.Test1" tests="1" failures="0" timestamp="2 Nov 2016 18:48:56 GMT" time="0.017" errors="0">
  <testcase name="myTest1" time="0.017" classname="org.vmware.tester.Test1"/>
</testsuite> <!-- org.vmware.tester.Test1 -->
